<?xml version="1.0" encoding="UTF-8"?>
<!-- Generated by org.testng.reporters.JUnitReportReporter -->
<testsuite skipped="0" hostname="DESKTOP-TJKDFOT" name="com.AnnotationsTest.SimpleAnnotation" tests="1" failures="0" timestamp="2022-07-07T14:53:10 IST" time="5.200" errors="0">
  <testcase name="Signin" time="5.200" classname="com.AnnotationsTest.SimpleAnnotation"/>
  <system-out/>
</testsuite> <!-- com.AnnotationsTest.SimpleAnnotation -->
