<?xml version="1.0" encoding="UTF-8"?>
<!-- Generated by org.testng.reporters.JUnitReportReporter -->
<testsuite skipped="0" hostname="DESKTOP-TJKDFOT" name="RoughNotes.ParallelTest" tests="5" failures="0" timestamp="2022-07-14T23:09:00 IST" time="58.468" errors="0">
  <testcase name="screenShot" time="2.228" classname="RoughNotes.ParallelTest"/>
  <system-out/>
  <testcase name="keyPress" time="0.079" classname="RoughNotes.ParallelTest"/>
  <system-out/>
  <testcase name="urlFind" time="38.766" classname="RoughNotes.ParallelTest"/>
  <system-out/>
  <testcase name="getUrl" time="16.945" classname="RoughNotes.ParallelTest"/>
  <system-out/>
  <testcase name="load" time="0.450" classname="RoughNotes.ParallelTest"/>
  <system-out/>
</testsuite> <!-- RoughNotes.ParallelTest -->
