<?xml version="1.0" encoding="UTF-8"?>
<!-- Generated by org.testng.reporters.JUnitReportReporter -->
<testsuite skipped="0" hostname="DESKTOP-TJKDFOT" name="RoughNotes.ScreenShot" tests="5" failures="0" timestamp="2022-07-13T22:47:27 IST" time="18.741" errors="0">
  <testcase name="mouseHover1" time="5.214" classname="RoughNotes.ScreenShot"/>
  <system-out/>
  <testcase name="getUrl" time="6.727" classname="RoughNotes.ScreenShot"/>
  <system-out/>
  <testcase name="sendKey" time="5.765" classname="RoughNotes.ScreenShot"/>
  <system-out/>
  <testcase name="mouseHover" time="0.425" classname="RoughNotes.ScreenShot"/>
  <system-out/>
  <testcase name="dragNdrop" time="0.610" classname="RoughNotes.ScreenShot"/>
  <system-out/>
</testsuite> <!-- RoughNotes.ScreenShot -->
