<?xml version="1.0" encoding="UTF-8"?>
<!-- Generated by org.testng.reporters.JUnitReportReporter -->
<testsuite skipped="0" hostname="DESKTOP-TJKDFOT" name="RoughNotes.dataProvider" tests="3" failures="0" timestamp="2022-07-15T00:19:44 IST" time="14.790" errors="0">
  <testcase name="signIn" time="0.378" classname="RoughNotes.dataProvider"/>
  <system-out/>
  <testcase name="signIn" time="0.293" classname="RoughNotes.dataProvider"/>
  <system-out/>
  <testcase name="getUrl" time="14.119" classname="RoughNotes.dataProvider"/>
  <system-out/>
</testsuite> <!-- RoughNotes.dataProvider -->
