<?xml version="1.0" encoding="UTF-8"?>
<!-- Generated by org.testng.reporters.JUnitReportReporter -->
<testsuite skipped="0" hostname="DESKTOP-TJKDFOT" name="RoughNotes.TestParameters" tests="2" failures="0" timestamp="2022-07-13T22:54:12 IST" time="0.021" errors="0">
  <testcase name="signIn" time="0.008" classname="RoughNotes.TestParameters"/>
  <system-out/>
  <testcase name="getUrl" time="0.013" classname="RoughNotes.TestParameters"/>
  <system-out/>
</testsuite> <!-- RoughNotes.TestParameters -->
