<?xml version="1.0" encoding="UTF-8"?>
<!-- Generated by org.testng.reporters.JUnitReportReporter -->
<testsuite skipped="0" hostname="DESKTOP-TJKDFOT" name="RoughNotes.Sample_Grouping" tests="6" failures="0" timestamp="2022-07-11T19:20:14 IST" time="0.031" errors="0">
  <testcase name="flipkart" time="0.000" classname="RoughNotes.Sample_Grouping"/>
  <system-out/>
  <testcase name="teleGram" time="0.004" classname="RoughNotes.Sample_Grouping"/>
  <system-out/>
  <testcase name="amazon" time="0.022" classname="RoughNotes.Sample_Grouping"/>
  <system-out/>
  <testcase name="gPay" time="0.003" classname="RoughNotes.Sample_Grouping"/>
  <system-out/>
  <testcase name="mobiKwik" time="0.000" classname="RoughNotes.Sample_Grouping"/>
  <system-out/>
  <testcase name="whatsApp" time="0.002" classname="RoughNotes.Sample_Grouping"/>
  <system-out/>
</testsuite> <!-- RoughNotes.Sample_Grouping -->
